2024-03-04 06:34:05,404 - INFO - nihadali@gm.com created item item 3
2024-03-04 06:41:12,859 - INFO - nihadali@gm.com created item item 4
2024-03-04 06:41:30,173 - INFO - nihadali@gm.com created item item 2
2024-03-04 07:07:00,407 - INFO - nihadali@gm.com created item new
2024-03-04 12:28:16,154 - ERROR - BasicUser "nihadali@gm.com" create failed! Error detail: Could not determine join condition between parent/child tables on relationship User.suspensions - there are multiple foreign key paths linking the tables.  Specify the 'foreign_keys' argument, providing a list of those columns which should be counted as containing a foreign key reference to the parent table.
2024-03-04 12:36:53,885 - ERROR - BasicUser "nihadali@gm.com" create failed! Error detail: Could not determine join condition between parent/child tables on relationship User.suspensions - there are multiple foreign key paths linking the tables.  Specify the 'foreign_keys' argument, providing a list of those columns which should be counted as containing a foreign key reference to the parent table.
2024-03-04 12:37:26,966 - ERROR - BasicUser "nihadali@gm.com" create failed! Error detail: One or more mappers failed to initialize - can't proceed with initialization of other mappers. Triggering mapper: 'Mapper[User(users)]'. Original exception was: Could not determine join condition between parent/child tables on relationship User.suspensions - there are multiple foreign key paths linking the tables.  Specify the 'foreign_keys' argument, providing a list of those columns which should be counted as containing a foreign key reference to the parent table.
2024-03-04 12:40:01,579 - ERROR - BasicUser "nihadali@gm.com" create failed! Error detail: Could not determine join condition between parent/child tables on relationship User.suspensions - there are multiple foreign key paths linking the tables.  Specify the 'foreign_keys' argument, providing a list of those columns which should be counted as containing a foreign key reference to the parent table.
2024-03-04 12:41:31,691 - ERROR - BasicUser "nihadali@gm.com" create failed! Error detail: Error creating backref 'items' on relationship 'Item.user': property of that name exists on mapper 'Mapper[User(users)]'
2024-03-04 12:42:20,685 - INFO - Role.BasicUser "nihadali@gm.com" created successfully
2024-03-04 12:45:58,915 - INFO - Role.BasicUser "nihadali@g.com" created successfully
2024-03-04 12:50:20,313 - INFO - nihadali@g.com created item 1
2024-03-04 12:50:23,017 - INFO - nihadali@g.com created item 2
2024-03-04 12:50:26,166 - INFO - nihadali@g.com created item 3
2024-03-04 12:50:28,675 - INFO - nihadali@g.com created item 4
2024-03-04 12:50:47,933 - INFO - nihadali@gm.com created item n1
2024-03-04 12:50:52,594 - INFO - nihadali@gm.com created item n2
2024-03-04 12:50:56,659 - INFO - nihadali@gm.com created item n3
2024-03-04 12:51:23,984 - INFO - Role.Admin "admin@admin.com" created successfully
2024-03-04 12:52:09,763 - INFO - Role.SuperAdmin "superadmin@superadmin.com" created successfully
2024-03-04 15:35:21,174 - INFO - nihadali@gm.com created item n3
2024-03-04 15:35:27,852 - INFO - nihadali@gm.com created item n5
