2024-03-04 05:54:28,027 - ERROR - Failed login for nihadali@gm.com
2024-03-04 05:57:00,534 - ERROR - Failed login for nihadali@gm.com!
2024-03-04 05:57:00,536 - ERROR - Failed login for nihadali@gm.com
2024-03-04 05:59:44,844 - ERROR - Successful login of nihadali@gm.com
2024-03-04 06:33:52,902 - ERROR - Successful login of nihadali@gm.com
2024-03-04 07:06:46,823 - ERROR - Successful login of nihadali@gm.com
2024-03-04 07:59:56,781 - ERROR - Successful login of nihadali@gm.com
2024-03-04 08:01:10,304 - ERROR - Successful login of admin@admin.com
2024-03-04 09:42:22,329 - ERROR - Successful login of nihadali@gm.com
2024-03-04 10:48:35,570 - ERROR - Failed login for nihadali@gm.com
2024-03-04 10:48:38,187 - ERROR - Failed login for nihadali@gm.com
2024-03-04 10:48:52,261 - ERROR - Successful login of nihadali@gm.com
2024-03-04 12:04:07,508 - ERROR - Failed login for nihadali@gm.com
2024-03-04 12:04:50,135 - ERROR - Failed login for nihadali@gm.com
2024-03-04 12:06:04,862 - ERROR - Failed login for nihadali@gm.com
2024-03-04 12:07:41,868 - ERROR - Failed login for nihadali@gm.com
2024-03-04 12:07:43,044 - ERROR - Failed login for nihadali@gm.com
2024-03-04 12:07:43,882 - ERROR - Failed login for nihadali@gm.com
2024-03-04 12:07:44,119 - ERROR - Failed login for nihadali@gm.com
2024-03-04 12:07:44,351 - ERROR - Failed login for nihadali@gm.com
2024-03-04 12:08:09,462 - ERROR - Failed login for nihadali@gm.com
2024-03-04 12:08:29,497 - ERROR - Failed login for nihadali@gm.com
2024-03-04 12:08:47,966 - ERROR - Failed login for nihadali@gm.com
2024-03-04 12:09:25,556 - ERROR - Failed login for nihadali@gm.com
2024-03-04 12:10:04,339 - ERROR - Failed login for nihadali@gm.com
2024-03-04 12:10:44,468 - ERROR - Failed login for nihadali@gm.com
2024-03-04 12:11:08,266 - ERROR - Failed login for nihadali@gm.com
2024-03-04 12:12:00,564 - ERROR - Failed login for nihadali@gm.com
2024-03-04 12:42:37,650 - ERROR - Failed login for nihadali@gm.com
2024-03-04 12:43:47,343 - ERROR - Failed login for nihadali@gm.com
2024-03-04 12:45:42,508 - ERROR - Failed login for nihadali@gm.com
2024-03-04 12:45:44,907 - ERROR - Failed login for nihadali@gm.com
2024-03-04 12:45:46,396 - ERROR - Failed login for nihadali@gm.com
2024-03-04 12:46:13,762 - ERROR - Failed login for nihadali@g.com
2024-03-04 12:50:13,798 - ERROR - Successful login of nihadali@g.com
2024-03-04 12:50:39,595 - ERROR - Successful login of nihadali@gm.com
2024-03-04 12:52:23,318 - ERROR - Successful login of superadmin@superadmin.com
2024-03-04 13:25:08,054 - ERROR - Successful login of superadmin@superadmin.com
2024-03-04 13:30:29,227 - ERROR - Successful login of nihadali@gm.com
2024-03-04 14:23:51,860 - ERROR - Successful login of superadmin@superadmin.com
2024-03-04 14:30:44,014 - ERROR - Successful login of superadmin@superadmin.com
2024-03-04 15:16:32,850 - ERROR - Successful login of superadmin@superadmin.com
2024-03-04 15:35:12,654 - ERROR - Successful login of nihadali@gm.com
2024-03-04 15:39:42,447 - ERROR - Successful login of superadmin@superadmin.com
2024-03-04 19:35:09,948 - ERROR - Successful login of admin@admin.com
2024-03-04 19:35:32,756 - ERROR - Successful login of nihadali@gm.com
2024-03-04 19:40:34,672 - ERROR - Successful login of superadmin@superadmin.com
2024-03-04 19:56:01,974 - ERROR - Failed login for nihadali@g.com
2024-03-04 19:56:05,398 - ERROR - Failed login for nihadali@g.com
2024-03-04 20:22:38,763 - ERROR - Successful login of superadmin@superadmin.com
2024-03-04 20:23:09,297 - ERROR - Successful login of nihadali@g.com
2024-03-04 20:23:39,130 - ERROR - Successful login of admin@admin.com
